Determining if the pthread_create exist failed with the following output:
Change Dir: /home/victor/test/build/CMakeFiles/CMakeTmp

Run Build Command:"/usr/bin/make" "cmTC_8cfcc/fast"
/usr/bin/make -f CMakeFiles/cmTC_8cfcc.dir/build.make CMakeFiles/cmTC_8cfcc.dir/build
make[1]: Entering directory '/home/victor/test/build/CMakeFiles/CMakeTmp'
Building C object CMakeFiles/cmTC_8cfcc.dir/CheckSymbolExists.c.o
/usr/bin/cc    -o CMakeFiles/cmTC_8cfcc.dir/CheckSymbolExists.c.o   -c /home/victor/test/build/CMakeFiles/CMakeTmp/CheckSymbolExists.c
Linking C executable cmTC_8cfcc
/usr/bin/cmake -E cmake_link_script CMakeFiles/cmTC_8cfcc.dir/link.txt --verbose=1
/usr/bin/cc      -rdynamic CMakeFiles/cmTC_8cfcc.dir/CheckSymbolExists.c.o  -o cmTC_8cfcc 
CMakeFiles/cmTC_8cfcc.dir/CheckSymbolExists.c.o: In function `main':
CheckSymbolExists.c:(.text+0x1b): undefined reference to `pthread_create'
collect2: error: ld returned 1 exit status
CMakeFiles/cmTC_8cfcc.dir/build.make:97: recipe for target 'cmTC_8cfcc' failed
make[1]: *** [cmTC_8cfcc] Error 1
make[1]: Leaving directory '/home/victor/test/build/CMakeFiles/CMakeTmp'
Makefile:126: recipe for target 'cmTC_8cfcc/fast' failed
make: *** [cmTC_8cfcc/fast] Error 2

File /home/victor/test/build/CMakeFiles/CMakeTmp/CheckSymbolExists.c:
/* */
#include <pthread.h>

int main(int argc, char** argv)
{
  (void)argv;
#ifndef pthread_create
  return ((int*)(&pthread_create))[argc];
#else
  (void)argc;
  return 0;
#endif
}

Determining if the function pthread_create exists in the pthreads failed with the following output:
Change Dir: /home/victor/test/build/CMakeFiles/CMakeTmp

Run Build Command:"/usr/bin/make" "cmTC_006fe/fast"
/usr/bin/make -f CMakeFiles/cmTC_006fe.dir/build.make CMakeFiles/cmTC_006fe.dir/build
make[1]: Entering directory '/home/victor/test/build/CMakeFiles/CMakeTmp'
Building C object CMakeFiles/cmTC_006fe.dir/CheckFunctionExists.c.o
/usr/bin/cc   -DCHECK_FUNCTION_EXISTS=pthread_create   -o CMakeFiles/cmTC_006fe.dir/CheckFunctionExists.c.o   -c /usr/share/cmake-3.10/Modules/CheckFunctionExists.c
Linking C executable cmTC_006fe
/usr/bin/cmake -E cmake_link_script CMakeFiles/cmTC_006fe.dir/link.txt --verbose=1
/usr/bin/cc  -DCHECK_FUNCTION_EXISTS=pthread_create    -rdynamic CMakeFiles/cmTC_006fe.dir/CheckFunctionExists.c.o  -o cmTC_006fe -lpthreads 
/usr/bin/ld: cannot find -lpthreads
collect2: error: ld returned 1 exit status
CMakeFiles/cmTC_006fe.dir/build.make:97: recipe for target 'cmTC_006fe' failed
make[1]: *** [cmTC_006fe] Error 1
make[1]: Leaving directory '/home/victor/test/build/CMakeFiles/CMakeTmp'
Makefile:126: recipe for target 'cmTC_006fe/fast' failed
make: *** [cmTC_006fe/fast] Error 2


